2020/09/23 00:51:00 [INFO] Terraform version: 0.13.1  
2020/09/23 00:51:00 [INFO] Go runtime version: go1.14.7
2020/09/23 00:51:00 [INFO] CLI args: []string{"C:\\Binaries\\terraform.exe", "plan"}
2020/09/23 00:51:00 [DEBUG] Attempting to open CLI config file: C:\Users\sursingh\AppData\Roaming\terraform.rc
2020/09/23 00:51:00 [DEBUG] File doesn't exist, but doesn't need to. Ignoring.
2020/09/23 00:51:00 [DEBUG] ignoring non-existing provider search directory terraform.d/plugins
2020/09/23 00:51:00 [DEBUG] ignoring non-existing provider search directory C:\Users\sursingh\AppData\Roaming\terraform.d\plugins
2020/09/23 00:51:00 [DEBUG] ignoring non-existing provider search directory C:\Users\sursingh\AppData\Roaming\HashiCorp\Terraform\plugins
2020/09/23 00:51:00 [INFO] CLI command args: []string{"plan"}
2020/09/23 00:51:00 [TRACE] Meta.Backend: no config given or present on disk, so returning nil config
2020/09/23 00:51:00 [TRACE] Meta.Backend: backend has not previously been initialized in this working directory
2020/09/23 00:51:00 [DEBUG] New state was assigned lineage "55228cbb-3553-aa9a-e7b4-37a5d693b49a"
2020/09/23 00:51:00 [TRACE] Meta.Backend: using default local state only (no backend configuration, and no existing initialized backend)
2020/09/23 00:51:00 [TRACE] Meta.Backend: instantiated backend of type <nil>
2020/09/23 00:51:00 [TRACE] providercache.fillMetaCache: scanning directory .terraform\plugins
2020/09/23 00:51:00 [TRACE] getproviders.SearchLocalDirectory: .terraform\plugins is a symlink to .terraform\plugins
2020/09/23 00:51:00 [TRACE] getproviders.SearchLocalDirectory: found registry.terraform.io/hashicorp/google v3.5.0 for windows_amd64 at .terraform\plugins\registry.terraform.io\hashicorp\google\3.5.0\windows_amd64
2020/09/23 00:51:00 [TRACE] providercache.fillMetaCache: including .terraform\plugins\registry.terraform.io\hashicorp\google\3.5.0\windows_amd64 as a candidate package for registry.terraform.io/hashicorp/google 3.5.0
2020/09/23 00:51:00 [DEBUG] checking for provisioner in "."
2020/09/23 00:51:00 [DEBUG] checking for provisioner in "C:\\Binaries"
2020/09/23 00:51:00 [INFO] Failed to read plugin lock file .terraform\plugins\windows_amd64\lock.json: open .terraform\plugins\windows_amd64\lock.json: The system cannot find the path specified.
2020/09/23 00:51:00 [TRACE] Meta.Backend: backend <nil> does not support operations, so wrapping it in a local backend
2020/09/23 00:51:00 [INFO] backend/local: starting Plan operation
2020/09/23 00:51:00 [TRACE] backend/local: requesting state manager for workspace "default"
2020/09/23 00:51:00 [TRACE] backend/local: state manager for workspace "default" will:
 - read initial snapshot from terraform.tfstate
 - write new snapshots to terraform.tfstate
 - create any backup at terraform.tfstate.backup
2020/09/23 00:51:00 [TRACE] backend/local: requesting state lock for workspace "default"
2020/09/23 00:51:00 [TRACE] statemgr.Filesystem: preparing to manage state snapshots at terraform.tfstate
2020/09/23 00:51:00 [TRACE] statemgr.Filesystem: existing snapshot has lineage "ce31ed6f-15ca-4625-5c18-99599a7f365e" serial 1
2020/09/23 00:51:00 [TRACE] statemgr.Filesystem: locking terraform.tfstate using LockFileEx
2020/09/23 00:51:00 [TRACE] statemgr.Filesystem: writing lock metadata to .terraform.tfstate.lock.info
2020/09/23 00:51:00 [TRACE] backend/local: reading remote state for workspace "default"
2020/09/23 00:51:00 [TRACE] statemgr.Filesystem: reading latest snapshot from terraform.tfstate
2020/09/23 00:51:00 [TRACE] statemgr.Filesystem: read snapshot with lineage "ce31ed6f-15ca-4625-5c18-99599a7f365e" serial 1
2020/09/23 00:51:00 [TRACE] backend/local: retrieving local state snapshot for workspace "default"
2020/09/23 00:51:00 [TRACE] backend/local: building context for current working directory
2020/09/23 00:51:00 [DEBUG] backend/local: will prompt for input of unset required variables [gcp_region gcp_zone gcp_project]
2020/09/23 00:51:00 [DEBUG] command: asking for input: "var.gcp_project"
2020/09/23 00:51:24 [DEBUG] command: asking for input: "var.gcp_region"
2020/09/23 00:51:36 [DEBUG] command: asking for input: "var.gcp_zone"
2020/09/23 00:51:43 [TRACE] terraform.NewContext: starting
2020/09/23 00:51:43 [TRACE] terraform.NewContext: loading provider schemas
2020/09/23 00:51:43 [TRACE] LoadSchemas: retrieving schema for provider type "registry.terraform.io/hashicorp/google"
2020-09-23T00:51:43.961-0500 [INFO]  plugin: configuring client automatic mTLS
2020-09-23T00:51:43.992-0500 [DEBUG] plugin: starting plugin: path=.terraform/plugins/registry.terraform.io/hashicorp/google/3.5.0/windows_amd64/terraform-provider-google_v3.5.0_x5.exe args=[.terraform/plugins/registry.terraform.io/hashicorp/google/3.5.0/windows_amd64/terraform-provider-google_v3.5.0_x5.exe]
2020-09-23T00:51:44.617-0500 [DEBUG] plugin: plugin started: path=.terraform/plugins/registry.terraform.io/hashicorp/google/3.5.0/windows_amd64/terraform-provider-google_v3.5.0_x5.exe pid=8356
2020-09-23T00:51:44.617-0500 [DEBUG] plugin: waiting for RPC address: path=.terraform/plugins/registry.terraform.io/hashicorp/google/3.5.0/windows_amd64/terraform-provider-google_v3.5.0_x5.exe
2020-09-23T00:51:44.976-0500 [INFO]  plugin.terraform-provider-google_v3.5.0_x5.exe: configuring server automatic mTLS: timestamp=2020-09-23T00:51:44.974-0500
2020-09-23T00:51:45.005-0500 [DEBUG] plugin: using plugin: version=5
2020-09-23T00:51:45.005-0500 [DEBUG] plugin.terraform-provider-google_v3.5.0_x5.exe: plugin address: address=127.0.0.1:10000 network=tcp timestamp=2020-09-23T00:51:45.004-0500
2020/09/23 00:51:45 [TRACE] GRPCProvider: GetSchema
2020-09-23T00:51:45.069-0500 [TRACE] plugin.stdio: waiting for stdio data
2020-09-23T00:51:45.070-0500 [WARN]  plugin.stdio: received EOF, stopping recv loop: err="rpc error: code = Unimplemented desc = unknown service plugin.GRPCStdio"
2020/09/23 00:51:45 [TRACE] No provider meta schema returned
2020/09/23 00:51:45 [TRACE] GRPCProvider: Close
2020-09-23T00:51:45.115-0500 [DEBUG] plugin: plugin process exited: path=.terraform/plugins/registry.terraform.io/hashicorp/google/3.5.0/windows_amd64/terraform-provider-google_v3.5.0_x5.exe pid=8356
2020-09-23T00:51:45.115-0500 [DEBUG] plugin: plugin exited
2020/09/23 00:51:45 [TRACE] terraform.NewContext: complete
2020/09/23 00:51:45 [DEBUG] backend/local: will prompt for input of unset required variables [gcp_project gcp_region gcp_zone]
2020/09/23 00:51:45 [DEBUG] command: asking for input: "var.gcp_project"
2020/09/23 00:51:59 [DEBUG] command: asking for input: "var.gcp_region"
2020/09/23 00:52:03 [ERR] UIInput scan err: EOF
2020/09/23 00:52:03 [DEBUG] command: asking for input: "var.gcp_zone"
2020/09/23 00:52:03 [WARN] backend/local: Failed to request user input for variable "gcp_zone": interrupted
2020/09/23 00:52:03 [TRACE] backend/local: finished building terraform.Context
2020/09/23 00:52:03 [TRACE] backend/local: requesting interactive input, if necessary
2020/09/23 00:52:03 [TRACE] Context.Input: Prompting for provider arguments
2020/09/23 00:52:03 [TRACE] Context.Input: Provider provider.google declared at provider-main.tf:4,1-18
2020/09/23 00:52:03 [TRACE] Context.Input: Input for provider.google: map[string]cty.Value{}
2020/09/23 00:52:03 [TRACE] backend/local: running validation operation
panic: runtime error: invalid memory address or nil pointer dereference
[signal 0xc0000005 code=0x1 addr=0x90 pc=0xb2805a]

goroutine 69 [running]:
github.com/hashicorp/terraform/terraform.(*Context).acquireRun(0x0, 0x27235aa, 0x8, 0x0)
	/home/circleci/project/project/terraform/context.go:710 +0x4a
github.com/hashicorp/terraform/terraform.(*Context).Validate(0x0, 0x0, 0x0, 0x0)
	/home/circleci/project/project/terraform/context.go:656 +0x87
github.com/hashicorp/terraform/backend/local.(*Local).context(0xc00063d380, 0xc000175500, 0x0, 0x0, 0x0, 0x0, 0x0, 0x0, 0x0)
	/home/circleci/project/project/backend/local/backend_local.go:148 +0xbb7
github.com/hashicorp/terraform/backend/local.(*Local).opPlan(0xc00063d380, 0x2d373e0, 0xc000537580, 0x2d373e0, 0xc0005375c0, 0xc000175500, 0xc000537540)
	/home/circleci/project/project/backend/local/backend_plan.go:72 +0x2c8
github.com/hashicorp/terraform/backend/local.(*Local).Operation.func1(0xc00048dcf0, 0xc00048dd00, 0xc00048dd10, 0xc00063d380, 0xc00048dce0, 0x2d373e0, 0xc000537580, 0x2d373e0, 0xc0005375c0, 0xc000175500, ...)
	/home/circleci/project/project/backend/local/backend.go:340 +0xef
created by github.com/hashicorp/terraform/backend/local.(*Local).Operation
	/home/circleci/project/project/backend/local/backend.go:334 +0x36d
